2022-11-21 00:04:43.1813 DEBUG Hosting starting
2022-11-21 00:04:43.2779 INFO User profile is available. Using 'C:\Users\G-Mykel\AppData\Local\ASP.NET\DataProtection-Keys' as key repository and Windows DPAPI to encrypt keys at rest.
2022-11-21 00:04:43.2926 DEBUG Reading data from file 'C:\Users\G-Mykel\AppData\Local\ASP.NET\DataProtection-Keys\key-11f51108-29c5-41fd-8e2f-ecc1e28a9c28.xml'.
2022-11-21 00:04:43.2926 DEBUG Reading data from file 'C:\Users\G-Mykel\AppData\Local\ASP.NET\DataProtection-Keys\key-2583d486-3ef0-478f-a6d6-57b4f817ccba.xml'.
2022-11-21 00:04:43.2926 DEBUG Reading data from file 'C:\Users\G-Mykel\AppData\Local\ASP.NET\DataProtection-Keys\key-350599ac-2990-4fa4-ba81-a507b6713569.xml'.
2022-11-21 00:04:43.2926 DEBUG Reading data from file 'C:\Users\G-Mykel\AppData\Local\ASP.NET\DataProtection-Keys\key-567eb3f1-eaab-4fd9-aca2-0152575ad2f3.xml'.
2022-11-21 00:04:43.2926 DEBUG Reading data from file 'C:\Users\G-Mykel\AppData\Local\ASP.NET\DataProtection-Keys\key-8c2f5cd6-0728-460f-b607-cfe0b9bc8c8b.xml'.
2022-11-21 00:04:43.2926 DEBUG Reading data from file 'C:\Users\G-Mykel\AppData\Local\ASP.NET\DataProtection-Keys\key-dd80c99b-4390-43a1-855d-83ee0b36c79d.xml'.
2022-11-21 00:04:43.2926 DEBUG Reading data from file 'C:\Users\G-Mykel\AppData\Local\ASP.NET\DataProtection-Keys\key-f1a1926e-c08a-47de-bfb4-322422a239f4.xml'.
2022-11-21 00:04:43.3039 DEBUG Found key {11f51108-29c5-41fd-8e2f-ecc1e28a9c28}.
2022-11-21 00:04:43.3039 DEBUG Found key {2583d486-3ef0-478f-a6d6-57b4f817ccba}.
2022-11-21 00:04:43.3039 DEBUG Found key {350599ac-2990-4fa4-ba81-a507b6713569}.
2022-11-21 00:04:43.3039 DEBUG Found key {567eb3f1-eaab-4fd9-aca2-0152575ad2f3}.
2022-11-21 00:04:43.3039 DEBUG Found key {8c2f5cd6-0728-460f-b607-cfe0b9bc8c8b}.
2022-11-21 00:04:43.3039 DEBUG Found key {dd80c99b-4390-43a1-855d-83ee0b36c79d}.
2022-11-21 00:04:43.3039 DEBUG Found key {f1a1926e-c08a-47de-bfb4-322422a239f4}.
2022-11-21 00:04:43.3207 DEBUG Considering key {8c2f5cd6-0728-460f-b607-cfe0b9bc8c8b} with expiration date 2023-01-03 15:24:50Z as default key.
2022-11-21 00:04:43.3753 DEBUG Forwarded activator type request from Microsoft.AspNetCore.DataProtection.XmlEncryption.DpapiXmlDecryptor, Microsoft.AspNetCore.DataProtection, Version=5.0.0.0, Culture=neutral, PublicKeyToken=adb9793829ddae60 to Microsoft.AspNetCore.DataProtection.XmlEncryption.DpapiXmlDecryptor, Microsoft.AspNetCore.DataProtection, Culture=neutral, PublicKeyToken=adb9793829ddae60
2022-11-21 00:04:43.3753 DEBUG Decrypting secret element using Windows DPAPI.
2022-11-21 00:04:43.3802 DEBUG Forwarded activator type request from Microsoft.AspNetCore.DataProtection.AuthenticatedEncryption.ConfigurationModel.AuthenticatedEncryptorDescriptorDeserializer, Microsoft.AspNetCore.DataProtection, Version=5.0.0.0, Culture=neutral, PublicKeyToken=adb9793829ddae60 to Microsoft.AspNetCore.DataProtection.AuthenticatedEncryption.ConfigurationModel.AuthenticatedEncryptorDescriptorDeserializer, Microsoft.AspNetCore.DataProtection, Culture=neutral, PublicKeyToken=adb9793829ddae60
2022-11-21 00:04:43.3802 DEBUG Opening CNG algorithm 'AES' from provider '(null)' with chaining mode CBC.
2022-11-21 00:04:43.3802 DEBUG Opening CNG algorithm 'SHA256' from provider '(null)' with HMAC.
2022-11-21 00:04:43.3948 DEBUG Using key {8c2f5cd6-0728-460f-b607-cfe0b9bc8c8b} as the default key.
2022-11-21 00:04:43.3948 DEBUG Key ring with default key {8c2f5cd6-0728-460f-b607-cfe0b9bc8c8b} was loaded during application startup.
2022-11-21 00:04:43.5606 DEBUG Loaded hosting startup assembly WebApplication14
2022-11-21 00:04:43.5606 INFO Application started. Press Ctrl+C to shut down.
2022-11-21 00:04:43.5606 INFO Hosting environment: Development
2022-11-21 00:04:43.5606 INFO Content root path: C:\Users\G-Mykel\Downloads\WebApplication14\WebApplication14
2022-11-21 00:04:43.5606 DEBUG Hosting started
2022-11-21 00:04:43.6018 INFO Request starting HTTP/1.1 GET http://localhost:63401/swagger/index.html - -
2022-11-21 00:04:43.6018 DEBUG Wildcard detected, all requests with hosts will be allowed.
2022-11-21 00:04:43.6018 TRACE All hosts are allowed.
2022-11-21 00:04:43.7468 INFO Request finished HTTP/1.1 GET http://localhost:63401/swagger/index.html - - - 200 - text/html;charset=utf-8 145.9341ms
2022-11-21 00:04:44.0416 INFO Request starting HTTP/1.1 GET http://localhost:63401/swagger/v1/swagger.json - -
2022-11-21 00:04:44.0416 TRACE All hosts are allowed.
2022-11-21 00:04:44.2137 INFO Request finished HTTP/1.1 GET http://localhost:63401/swagger/v1/swagger.json - - - 200 - application/json;charset=utf-8 171.9994ms
2022-11-21 00:05:21.8005 INFO Request starting HTTP/1.1 POST http://localhost:63401/api/User/loginOut - 0
2022-11-21 00:05:21.8005 TRACE All hosts are allowed.
2022-11-21 00:05:21.8005 DEBUG POST requests are not supported
2022-11-21 00:05:21.8617 DEBUG 1 candidate(s) found for the request path '/api/User/loginOut'
2022-11-21 00:05:21.8647 DEBUG Endpoint 'WebApplication14.Controllers.UserController.LoginOut (WebApplication14)' with route pattern 'api/User/loginOut' is valid for the request path '/api/User/loginOut'
2022-11-21 00:05:21.8647 DEBUG Request matched endpoint 'WebApplication14.Controllers.UserController.LoginOut (WebApplication14)'
2022-11-21 00:05:21.9396 DEBUG AuthenticationScheme: Bearer was not authenticated.
2022-11-21 00:05:21.9411 INFO Executing endpoint 'WebApplication14.Controllers.UserController.LoginOut (WebApplication14)'
2022-11-21 00:05:21.9411 DEBUG Registered model binder providers, in the following order: Microsoft.AspNetCore.Mvc.ModelBinding.Binders.BinderTypeModelBinderProvider, Microsoft.AspNetCore.Mvc.ModelBinding.Binders.ServicesModelBinderProvider, Microsoft.AspNetCore.Mvc.ModelBinding.Binders.BodyModelBinderProvider, Microsoft.AspNetCore.Mvc.ModelBinding.Binders.HeaderModelBinderProvider, Microsoft.AspNetCore.Mvc.ModelBinding.Binders.FloatingPointTypeModelBinderProvider, Microsoft.AspNetCore.Mvc.ModelBinding.Binders.EnumTypeModelBinderProvider, Microsoft.AspNetCore.Mvc.ModelBinding.Binders.DateTimeModelBinderProvider, Microsoft.AspNetCore.Mvc.ModelBinding.Binders.SimpleTypeModelBinderProvider, Microsoft.AspNetCore.Mvc.ModelBinding.Binders.CancellationTokenModelBinderProvider, Microsoft.AspNetCore.Mvc.ModelBinding.Binders.ByteArrayModelBinderProvider, Microsoft.AspNetCore.Mvc.ModelBinding.Binders.FormFileModelBinderProvider, Microsoft.AspNetCore.Mvc.ModelBinding.Binders.FormCollectionModelBinderProvider, Microsoft.AspNetCore.Mvc.ModelBinding.Binders.KeyValuePairModelBinderProvider, Microsoft.AspNetCore.Mvc.ModelBinding.Binders.DictionaryModelBinderProvider, Microsoft.AspNetCore.Mvc.ModelBinding.Binders.ArrayModelBinderProvider, Microsoft.AspNetCore.Mvc.ModelBinding.Binders.CollectionModelBinderProvider, Microsoft.AspNetCore.Mvc.ModelBinding.Binders.ComplexObjectModelBinderProvider
2022-11-21 00:05:21.9628 INFO Route matched with {action = "LoginOut", controller = "User"}. Executing controller action with signature System.Threading.Tasks.Task`1[Microsoft.AspNetCore.Mvc.IActionResult] LoginOut() on controller WebApplication14.Controllers.UserController (WebApplication14).
2022-11-21 00:05:21.9628 DEBUG Execution plan of authorization filters (in the following order): None
2022-11-21 00:05:21.9628 DEBUG Execution plan of resource filters (in the following order): None
2022-11-21 00:05:21.9628 DEBUG Execution plan of action filters (in the following order): Microsoft.AspNetCore.Mvc.ModelBinding.UnsupportedContentTypeFilter (Order: -3000), Microsoft.AspNetCore.Mvc.Infrastructure.ModelStateInvalidFilter (Order: -2000)
2022-11-21 00:05:21.9628 DEBUG Execution plan of exception filters (in the following order): None
2022-11-21 00:05:21.9628 DEBUG Execution plan of result filters (in the following order): Microsoft.AspNetCore.Mvc.Infrastructure.ClientErrorResultFilter (Order: -2000)
2022-11-21 00:05:21.9628 DEBUG Executing controller factory for controller WebApplication14.Controllers.UserController (WebApplication14)
2022-11-21 00:05:22.0829 DEBUG An 'IServiceProvider' was created for internal use by Entity Framework.
2022-11-21 00:05:22.1131 DEBUG Executed controller factory for controller WebApplication14.Controllers.UserController (WebApplication14)
2022-11-21 00:05:22.1131 TRACE Action Filter: Before executing OnActionExecuting on filter Microsoft.AspNetCore.Mvc.ModelBinding.UnsupportedContentTypeFilter.
2022-11-21 00:05:22.1131 TRACE Action Filter: After executing OnActionExecuting on filter Microsoft.AspNetCore.Mvc.ModelBinding.UnsupportedContentTypeFilter.
2022-11-21 00:05:22.1131 TRACE Action Filter: Before executing OnActionExecuting on filter Microsoft.AspNetCore.Mvc.Infrastructure.ModelStateInvalidFilter.
2022-11-21 00:05:22.1131 TRACE Action Filter: After executing OnActionExecuting on filter Microsoft.AspNetCore.Mvc.Infrastructure.ModelStateInvalidFilter.
2022-11-21 00:05:22.1131 INFO Executing action method WebApplication14.Controllers.UserController.LoginOut (WebApplication14) - Validation state: Valid
2022-11-21 00:05:25.2002 ERROR can not retrieve
2022-11-21 00:05:25.4348 INFO AuthenticationScheme: Identity.Application signed out.
2022-11-21 00:05:25.4348 INFO AuthenticationScheme: Identity.External signed out.
2022-11-21 00:05:25.4348 INFO AuthenticationScheme: Identity.TwoFactorUserId signed out.
2022-11-21 00:05:25.8191 INFO Executed action method WebApplication14.Controllers.UserController.LoginOut (WebApplication14), returned result Microsoft.AspNetCore.Mvc.OkObjectResult in 3697.3873ms.
2022-11-21 00:05:25.8191 TRACE Action Filter: Before executing OnActionExecuted on filter Microsoft.AspNetCore.Mvc.Infrastructure.ModelStateInvalidFilter.
2022-11-21 00:05:25.8191 TRACE Action Filter: After executing OnActionExecuted on filter Microsoft.AspNetCore.Mvc.Infrastructure.ModelStateInvalidFilter.
2022-11-21 00:05:25.8191 TRACE Action Filter: Before executing OnActionExecuted on filter Microsoft.AspNetCore.Mvc.ModelBinding.UnsupportedContentTypeFilter.
2022-11-21 00:05:25.8191 TRACE Action Filter: After executing OnActionExecuted on filter Microsoft.AspNetCore.Mvc.ModelBinding.UnsupportedContentTypeFilter.
2022-11-21 00:05:25.8191 TRACE Result Filter: Before executing OnResultExecuting on filter Microsoft.AspNetCore.Mvc.Infrastructure.ClientErrorResultFilter.
2022-11-21 00:05:25.8191 TRACE Result Filter: After executing OnResultExecuting on filter Microsoft.AspNetCore.Mvc.Infrastructure.ClientErrorResultFilter.
2022-11-21 00:05:25.8191 TRACE Before executing action result Microsoft.AspNetCore.Mvc.OkObjectResult.
2022-11-21 00:05:25.8191 DEBUG List of registered output formatters, in the following order: Microsoft.AspNetCore.Mvc.Formatters.HttpNoContentOutputFormatter, Microsoft.AspNetCore.Mvc.Formatters.StringOutputFormatter, Microsoft.AspNetCore.Mvc.Formatters.StreamOutputFormatter, Microsoft.AspNetCore.Mvc.Formatters.SystemTextJsonOutputFormatter
2022-11-21 00:05:25.8191 DEBUG No information found on request to perform content negotiation.
2022-11-21 00:05:25.8191 DEBUG Attempting to select an output formatter without using a content type as no explicit content types were specified for the response.
2022-11-21 00:05:25.8191 DEBUG Attempting to select the first formatter in the output formatters list which can write the result.
2022-11-21 00:05:25.8191 DEBUG Selected output formatter 'Microsoft.AspNetCore.Mvc.Formatters.StringOutputFormatter' and content type 'text/plain' to write the response.
2022-11-21 00:05:25.8191 INFO Executing OkObjectResult, writing value of type 'System.String'.
2022-11-21 00:05:25.8191 TRACE After executing action result Microsoft.AspNetCore.Mvc.OkObjectResult.
2022-11-21 00:05:25.8191 TRACE Result Filter: Before executing OnResultExecuted on filter Microsoft.AspNetCore.Mvc.Infrastructure.ClientErrorResultFilter.
2022-11-21 00:05:25.8191 TRACE Result Filter: After executing OnResultExecuted on filter Microsoft.AspNetCore.Mvc.Infrastructure.ClientErrorResultFilter.
2022-11-21 00:05:25.8334 INFO Executed action WebApplication14.Controllers.UserController.LoginOut (WebApplication14) in 3865.126ms
2022-11-21 00:05:25.8334 INFO Executed endpoint 'WebApplication14.Controllers.UserController.LoginOut (WebApplication14)'
2022-11-21 00:05:25.8334 INFO Request finished HTTP/1.1 POST http://localhost:63401/api/User/loginOut - 0 - 200 - text/plain;+charset=utf-8 4035.2512ms
2022-11-21 00:06:42.2497 DEBUG Hosting starting
2022-11-21 00:06:42.3977 INFO User profile is available. Using 'C:\Users\G-Mykel\AppData\Local\ASP.NET\DataProtection-Keys' as key repository and Windows DPAPI to encrypt keys at rest.
2022-11-21 00:06:42.4151 DEBUG Reading data from file 'C:\Users\G-Mykel\AppData\Local\ASP.NET\DataProtection-Keys\key-11f51108-29c5-41fd-8e2f-ecc1e28a9c28.xml'.
2022-11-21 00:06:42.4151 DEBUG Reading data from file 'C:\Users\G-Mykel\AppData\Local\ASP.NET\DataProtection-Keys\key-2583d486-3ef0-478f-a6d6-57b4f817ccba.xml'.
2022-11-21 00:06:42.4151 DEBUG Reading data from file 'C:\Users\G-Mykel\AppData\Local\ASP.NET\DataProtection-Keys\key-350599ac-2990-4fa4-ba81-a507b6713569.xml'.
2022-11-21 00:06:42.4151 DEBUG Reading data from file 'C:\Users\G-Mykel\AppData\Local\ASP.NET\DataProtection-Keys\key-567eb3f1-eaab-4fd9-aca2-0152575ad2f3.xml'.
2022-11-21 00:06:42.4151 DEBUG Reading data from file 'C:\Users\G-Mykel\AppData\Local\ASP.NET\DataProtection-Keys\key-8c2f5cd6-0728-460f-b607-cfe0b9bc8c8b.xml'.
2022-11-21 00:06:42.4151 DEBUG Reading data from file 'C:\Users\G-Mykel\AppData\Local\ASP.NET\DataProtection-Keys\key-dd80c99b-4390-43a1-855d-83ee0b36c79d.xml'.
2022-11-21 00:06:42.4151 DEBUG Reading data from file 'C:\Users\G-Mykel\AppData\Local\ASP.NET\DataProtection-Keys\key-f1a1926e-c08a-47de-bfb4-322422a239f4.xml'.
2022-11-21 00:06:42.4275 DEBUG Found key {11f51108-29c5-41fd-8e2f-ecc1e28a9c28}.
2022-11-21 00:06:42.4275 DEBUG Found key {2583d486-3ef0-478f-a6d6-57b4f817ccba}.
2022-11-21 00:06:42.4275 DEBUG Found key {350599ac-2990-4fa4-ba81-a507b6713569}.
2022-11-21 00:06:42.4275 DEBUG Found key {567eb3f1-eaab-4fd9-aca2-0152575ad2f3}.
2022-11-21 00:06:42.4275 DEBUG Found key {8c2f5cd6-0728-460f-b607-cfe0b9bc8c8b}.
2022-11-21 00:06:42.4275 DEBUG Found key {dd80c99b-4390-43a1-855d-83ee0b36c79d}.
2022-11-21 00:06:42.4275 DEBUG Found key {f1a1926e-c08a-47de-bfb4-322422a239f4}.
2022-11-21 00:06:42.4470 DEBUG Considering key {8c2f5cd6-0728-460f-b607-cfe0b9bc8c8b} with expiration date 2023-01-03 15:24:50Z as default key.
2022-11-21 00:06:42.5089 DEBUG Forwarded activator type request from Microsoft.AspNetCore.DataProtection.XmlEncryption.DpapiXmlDecryptor, Microsoft.AspNetCore.DataProtection, Version=5.0.0.0, Culture=neutral, PublicKeyToken=adb9793829ddae60 to Microsoft.AspNetCore.DataProtection.XmlEncryption.DpapiXmlDecryptor, Microsoft.AspNetCore.DataProtection, Culture=neutral, PublicKeyToken=adb9793829ddae60
2022-11-21 00:06:42.5089 DEBUG Decrypting secret element using Windows DPAPI.
2022-11-21 00:06:42.5089 DEBUG Forwarded activator type request from Microsoft.AspNetCore.DataProtection.AuthenticatedEncryption.ConfigurationModel.AuthenticatedEncryptorDescriptorDeserializer, Microsoft.AspNetCore.DataProtection, Version=5.0.0.0, Culture=neutral, PublicKeyToken=adb9793829ddae60 to Microsoft.AspNetCore.DataProtection.AuthenticatedEncryption.ConfigurationModel.AuthenticatedEncryptorDescriptorDeserializer, Microsoft.AspNetCore.DataProtection, Culture=neutral, PublicKeyToken=adb9793829ddae60
2022-11-21 00:06:42.5089 DEBUG Opening CNG algorithm 'AES' from provider '(null)' with chaining mode CBC.
2022-11-21 00:06:42.5222 DEBUG Opening CNG algorithm 'SHA256' from provider '(null)' with HMAC.
2022-11-21 00:06:42.5222 DEBUG Using key {8c2f5cd6-0728-460f-b607-cfe0b9bc8c8b} as the default key.
2022-11-21 00:06:42.5222 DEBUG Key ring with default key {8c2f5cd6-0728-460f-b607-cfe0b9bc8c8b} was loaded during application startup.
2022-11-21 00:06:42.6907 DEBUG Loaded hosting startup assembly WebApplication14
2022-11-21 00:06:42.6912 INFO Application started. Press Ctrl+C to shut down.
2022-11-21 00:06:42.6912 INFO Hosting environment: Development
2022-11-21 00:06:42.6912 INFO Content root path: C:\Users\G-Mykel\Downloads\WebApplication14\WebApplication14
2022-11-21 00:06:42.6912 DEBUG Hosting started
2022-11-21 00:06:42.7382 INFO Request starting HTTP/1.1 GET http://localhost:63401/swagger/index.html - -
2022-11-21 00:06:42.7382 DEBUG Wildcard detected, all requests with hosts will be allowed.
2022-11-21 00:06:42.7382 TRACE All hosts are allowed.
2022-11-21 00:06:42.8988 INFO Request finished HTTP/1.1 GET http://localhost:63401/swagger/index.html - - - 200 - text/html;charset=utf-8 161.3492ms
2022-11-21 00:06:43.1769 INFO Request starting HTTP/1.1 GET http://localhost:63401/swagger/v1/swagger.json - -
2022-11-21 00:06:43.1769 TRACE All hosts are allowed.
2022-11-21 00:06:43.2927 INFO Request finished HTTP/1.1 GET http://localhost:63401/swagger/v1/swagger.json - - - 200 - application/json;charset=utf-8 115.7527ms
2022-11-21 00:06:56.6754 INFO Request starting HTTP/1.1 POST http://localhost:63401/api/User/loginOut - 0
2022-11-21 00:06:56.6760 TRACE All hosts are allowed.
2022-11-21 00:06:56.6760 DEBUG POST requests are not supported
2022-11-21 00:06:56.7294 DEBUG 1 candidate(s) found for the request path '/api/User/loginOut'
2022-11-21 00:06:56.7294 DEBUG Endpoint 'WebApplication14.Controllers.UserController.LoginOut (WebApplication14)' with route pattern 'api/User/loginOut' is valid for the request path '/api/User/loginOut'
2022-11-21 00:06:56.7294 DEBUG Request matched endpoint 'WebApplication14.Controllers.UserController.LoginOut (WebApplication14)'
2022-11-21 00:06:56.7993 DEBUG AuthenticationScheme: Bearer was not authenticated.
2022-11-21 00:06:56.8010 INFO Executing endpoint 'WebApplication14.Controllers.UserController.LoginOut (WebApplication14)'
2022-11-21 00:06:56.8010 DEBUG Registered model binder providers, in the following order: Microsoft.AspNetCore.Mvc.ModelBinding.Binders.BinderTypeModelBinderProvider, Microsoft.AspNetCore.Mvc.ModelBinding.Binders.ServicesModelBinderProvider, Microsoft.AspNetCore.Mvc.ModelBinding.Binders.BodyModelBinderProvider, Microsoft.AspNetCore.Mvc.ModelBinding.Binders.HeaderModelBinderProvider, Microsoft.AspNetCore.Mvc.ModelBinding.Binders.FloatingPointTypeModelBinderProvider, Microsoft.AspNetCore.Mvc.ModelBinding.Binders.EnumTypeModelBinderProvider, Microsoft.AspNetCore.Mvc.ModelBinding.Binders.DateTimeModelBinderProvider, Microsoft.AspNetCore.Mvc.ModelBinding.Binders.SimpleTypeModelBinderProvider, Microsoft.AspNetCore.Mvc.ModelBinding.Binders.CancellationTokenModelBinderProvider, Microsoft.AspNetCore.Mvc.ModelBinding.Binders.ByteArrayModelBinderProvider, Microsoft.AspNetCore.Mvc.ModelBinding.Binders.FormFileModelBinderProvider, Microsoft.AspNetCore.Mvc.ModelBinding.Binders.FormCollectionModelBinderProvider, Microsoft.AspNetCore.Mvc.ModelBinding.Binders.KeyValuePairModelBinderProvider, Microsoft.AspNetCore.Mvc.ModelBinding.Binders.DictionaryModelBinderProvider, Microsoft.AspNetCore.Mvc.ModelBinding.Binders.ArrayModelBinderProvider, Microsoft.AspNetCore.Mvc.ModelBinding.Binders.CollectionModelBinderProvider, Microsoft.AspNetCore.Mvc.ModelBinding.Binders.ComplexObjectModelBinderProvider
2022-11-21 00:06:56.8245 INFO Route matched with {action = "LoginOut", controller = "User"}. Executing controller action with signature System.Threading.Tasks.Task`1[Microsoft.AspNetCore.Mvc.IActionResult] LoginOut() on controller WebApplication14.Controllers.UserController (WebApplication14).
2022-11-21 00:06:56.8245 DEBUG Execution plan of authorization filters (in the following order): None
2022-11-21 00:06:56.8245 DEBUG Execution plan of resource filters (in the following order): None
2022-11-21 00:06:56.8245 DEBUG Execution plan of action filters (in the following order): Microsoft.AspNetCore.Mvc.ModelBinding.UnsupportedContentTypeFilter (Order: -3000), Microsoft.AspNetCore.Mvc.Infrastructure.ModelStateInvalidFilter (Order: -2000)
2022-11-21 00:06:56.8245 DEBUG Execution plan of exception filters (in the following order): None
2022-11-21 00:06:56.8245 DEBUG Execution plan of result filters (in the following order): Microsoft.AspNetCore.Mvc.Infrastructure.ClientErrorResultFilter (Order: -2000)
2022-11-21 00:06:56.8245 DEBUG Executing controller factory for controller WebApplication14.Controllers.UserController (WebApplication14)
2022-11-21 00:06:56.9441 DEBUG An 'IServiceProvider' was created for internal use by Entity Framework.
2022-11-21 00:06:56.9787 DEBUG Executed controller factory for controller WebApplication14.Controllers.UserController (WebApplication14)
2022-11-21 00:06:56.9787 TRACE Action Filter: Before executing OnActionExecuting on filter Microsoft.AspNetCore.Mvc.ModelBinding.UnsupportedContentTypeFilter.
2022-11-21 00:06:56.9787 TRACE Action Filter: After executing OnActionExecuting on filter Microsoft.AspNetCore.Mvc.ModelBinding.UnsupportedContentTypeFilter.
2022-11-21 00:06:56.9787 TRACE Action Filter: Before executing OnActionExecuting on filter Microsoft.AspNetCore.Mvc.Infrastructure.ModelStateInvalidFilter.
2022-11-21 00:06:56.9787 TRACE Action Filter: After executing OnActionExecuting on filter Microsoft.AspNetCore.Mvc.Infrastructure.ModelStateInvalidFilter.
2022-11-21 00:06:56.9787 INFO Executing action method WebApplication14.Controllers.UserController.LoginOut (WebApplication14) - Validation state: Valid
2022-11-21 00:07:02.4120 ERROR can not retrieve
2022-11-21 00:07:04.6742 INFO AuthenticationScheme: Identity.Application signed out.
2022-11-21 00:07:04.6760 INFO AuthenticationScheme: Identity.External signed out.
2022-11-21 00:07:04.6760 INFO AuthenticationScheme: Identity.TwoFactorUserId signed out.
2022-11-21 00:07:43.8583 INFO Executed action method WebApplication14.Controllers.UserController.LoginOut (WebApplication14), returned result Microsoft.AspNetCore.Mvc.OkObjectResult in 46870.8099ms.
2022-11-21 00:07:43.8583 TRACE Action Filter: Before executing OnActionExecuted on filter Microsoft.AspNetCore.Mvc.Infrastructure.ModelStateInvalidFilter.
2022-11-21 00:07:43.8583 TRACE Action Filter: After executing OnActionExecuted on filter Microsoft.AspNetCore.Mvc.Infrastructure.ModelStateInvalidFilter.
2022-11-21 00:07:43.8583 TRACE Action Filter: Before executing OnActionExecuted on filter Microsoft.AspNetCore.Mvc.ModelBinding.UnsupportedContentTypeFilter.
2022-11-21 00:07:43.8583 TRACE Action Filter: After executing OnActionExecuted on filter Microsoft.AspNetCore.Mvc.ModelBinding.UnsupportedContentTypeFilter.
2022-11-21 00:07:43.8583 TRACE Result Filter: Before executing OnResultExecuting on filter Microsoft.AspNetCore.Mvc.Infrastructure.ClientErrorResultFilter.
2022-11-21 00:07:43.8583 TRACE Result Filter: After executing OnResultExecuting on filter Microsoft.AspNetCore.Mvc.Infrastructure.ClientErrorResultFilter.
2022-11-21 00:07:43.8583 TRACE Before executing action result Microsoft.AspNetCore.Mvc.OkObjectResult.
2022-11-21 00:07:43.8635 DEBUG List of registered output formatters, in the following order: Microsoft.AspNetCore.Mvc.Formatters.HttpNoContentOutputFormatter, Microsoft.AspNetCore.Mvc.Formatters.StringOutputFormatter, Microsoft.AspNetCore.Mvc.Formatters.StreamOutputFormatter, Microsoft.AspNetCore.Mvc.Formatters.SystemTextJsonOutputFormatter
2022-11-21 00:07:43.8635 DEBUG No information found on request to perform content negotiation.
2022-11-21 00:07:43.8635 DEBUG Attempting to select an output formatter without using a content type as no explicit content types were specified for the response.
2022-11-21 00:07:43.8635 DEBUG Attempting to select the first formatter in the output formatters list which can write the result.
2022-11-21 00:07:43.8635 DEBUG Selected output formatter 'Microsoft.AspNetCore.Mvc.Formatters.StringOutputFormatter' and content type 'text/plain' to write the response.
2022-11-21 00:07:43.8635 INFO Executing OkObjectResult, writing value of type 'System.String'.
2022-11-21 00:07:43.8635 TRACE After executing action result Microsoft.AspNetCore.Mvc.OkObjectResult.
2022-11-21 00:07:43.8635 TRACE Result Filter: Before executing OnResultExecuted on filter Microsoft.AspNetCore.Mvc.Infrastructure.ClientErrorResultFilter.
2022-11-21 00:07:43.8635 TRACE Result Filter: After executing OnResultExecuted on filter Microsoft.AspNetCore.Mvc.Infrastructure.ClientErrorResultFilter.
2022-11-21 00:07:43.8635 INFO Executed action WebApplication14.Controllers.UserController.LoginOut (WebApplication14) in 47042.034ms
2022-11-21 00:07:43.8635 INFO Executed endpoint 'WebApplication14.Controllers.UserController.LoginOut (WebApplication14)'
2022-11-21 00:07:43.8635 INFO Request finished HTTP/1.1 POST http://localhost:63401/api/User/loginOut - 0 - 200 - text/plain;+charset=utf-8 47199.9575ms
2022-11-21 00:07:51.1890 INFO Request starting HTTP/1.1 POST http://localhost:63401/api/User/loginOut - 0
2022-11-21 00:07:51.1890 TRACE All hosts are allowed.
2022-11-21 00:07:51.1947 DEBUG POST requests are not supported
2022-11-21 00:07:51.1947 DEBUG 1 candidate(s) found for the request path '/api/User/loginOut'
2022-11-21 00:07:51.1947 DEBUG Endpoint 'WebApplication14.Controllers.UserController.LoginOut (WebApplication14)' with route pattern 'api/User/loginOut' is valid for the request path '/api/User/loginOut'
2022-11-21 00:07:51.1947 DEBUG Request matched endpoint 'WebApplication14.Controllers.UserController.LoginOut (WebApplication14)'
2022-11-21 00:07:51.1947 DEBUG AuthenticationScheme: Bearer was not authenticated.
2022-11-21 00:07:51.1947 INFO Executing endpoint 'WebApplication14.Controllers.UserController.LoginOut (WebApplication14)'
2022-11-21 00:07:51.1947 INFO Route matched with {action = "LoginOut", controller = "User"}. Executing controller action with signature System.Threading.Tasks.Task`1[Microsoft.AspNetCore.Mvc.IActionResult] LoginOut() on controller WebApplication14.Controllers.UserController (WebApplication14).
2022-11-21 00:07:51.1947 DEBUG Execution plan of authorization filters (in the following order): None
2022-11-21 00:07:51.1947 DEBUG Execution plan of resource filters (in the following order): None
2022-11-21 00:07:51.1947 DEBUG Execution plan of action filters (in the following order): Microsoft.AspNetCore.Mvc.ModelBinding.UnsupportedContentTypeFilter (Order: -3000), Microsoft.AspNetCore.Mvc.Infrastructure.ModelStateInvalidFilter (Order: -2000)
2022-11-21 00:07:51.1947 DEBUG Execution plan of exception filters (in the following order): None
2022-11-21 00:07:51.1947 DEBUG Execution plan of result filters (in the following order): Microsoft.AspNetCore.Mvc.Infrastructure.ClientErrorResultFilter (Order: -2000)
2022-11-21 00:07:51.1947 DEBUG Executing controller factory for controller WebApplication14.Controllers.UserController (WebApplication14)
2022-11-21 00:07:51.1947 DEBUG Executed controller factory for controller WebApplication14.Controllers.UserController (WebApplication14)
2022-11-21 00:07:51.1947 TRACE Action Filter: Before executing OnActionExecuting on filter Microsoft.AspNetCore.Mvc.ModelBinding.UnsupportedContentTypeFilter.
2022-11-21 00:07:51.1947 TRACE Action Filter: After executing OnActionExecuting on filter Microsoft.AspNetCore.Mvc.ModelBinding.UnsupportedContentTypeFilter.
2022-11-21 00:07:51.1947 TRACE Action Filter: Before executing OnActionExecuting on filter Microsoft.AspNetCore.Mvc.Infrastructure.ModelStateInvalidFilter.
2022-11-21 00:07:51.1947 TRACE Action Filter: After executing OnActionExecuting on filter Microsoft.AspNetCore.Mvc.Infrastructure.ModelStateInvalidFilter.
2022-11-21 00:07:51.1947 INFO Executing action method WebApplication14.Controllers.UserController.LoginOut (WebApplication14) - Validation state: Valid
2022-11-21 00:07:53.8251 ERROR can not retrieve
2022-11-21 00:07:53.9892 INFO AuthenticationScheme: Identity.Application signed out.
2022-11-21 00:07:53.9892 INFO AuthenticationScheme: Identity.External signed out.
2022-11-21 00:07:53.9892 INFO AuthenticationScheme: Identity.TwoFactorUserId signed out.
2022-11-21 00:08:07.7153 INFO Executed action method WebApplication14.Controllers.UserController.LoginOut (WebApplication14), returned result Microsoft.AspNetCore.Mvc.OkObjectResult in 16509.9276ms.
2022-11-21 00:08:07.7153 TRACE Action Filter: Before executing OnActionExecuted on filter Microsoft.AspNetCore.Mvc.Infrastructure.ModelStateInvalidFilter.
2022-11-21 00:08:07.7153 TRACE Action Filter: After executing OnActionExecuted on filter Microsoft.AspNetCore.Mvc.Infrastructure.ModelStateInvalidFilter.
2022-11-21 00:08:07.7153 TRACE Action Filter: Before executing OnActionExecuted on filter Microsoft.AspNetCore.Mvc.ModelBinding.UnsupportedContentTypeFilter.
2022-11-21 00:08:07.7153 TRACE Action Filter: After executing OnActionExecuted on filter Microsoft.AspNetCore.Mvc.ModelBinding.UnsupportedContentTypeFilter.
2022-11-21 00:08:07.7153 TRACE Result Filter: Before executing OnResultExecuting on filter Microsoft.AspNetCore.Mvc.Infrastructure.ClientErrorResultFilter.
2022-11-21 00:08:07.7153 TRACE Result Filter: After executing OnResultExecuting on filter Microsoft.AspNetCore.Mvc.Infrastructure.ClientErrorResultFilter.
2022-11-21 00:08:07.7153 TRACE Before executing action result Microsoft.AspNetCore.Mvc.OkObjectResult.
2022-11-21 00:08:07.7227 DEBUG List of registered output formatters, in the following order: Microsoft.AspNetCore.Mvc.Formatters.HttpNoContentOutputFormatter, Microsoft.AspNetCore.Mvc.Formatters.StringOutputFormatter, Microsoft.AspNetCore.Mvc.Formatters.StreamOutputFormatter, Microsoft.AspNetCore.Mvc.Formatters.SystemTextJsonOutputFormatter
2022-11-21 00:08:07.7227 DEBUG No information found on request to perform content negotiation.
2022-11-21 00:08:07.7227 DEBUG Attempting to select an output formatter without using a content type as no explicit content types were specified for the response.
2022-11-21 00:08:07.7227 DEBUG Attempting to select the first formatter in the output formatters list which can write the result.
2022-11-21 00:08:07.7227 DEBUG Selected output formatter 'Microsoft.AspNetCore.Mvc.Formatters.StringOutputFormatter' and content type 'text/plain' to write the response.
2022-11-21 00:08:07.7227 INFO Executing OkObjectResult, writing value of type 'System.String'.
2022-11-21 00:08:07.7227 TRACE After executing action result Microsoft.AspNetCore.Mvc.OkObjectResult.
2022-11-21 00:08:07.7227 TRACE Result Filter: Before executing OnResultExecuted on filter Microsoft.AspNetCore.Mvc.Infrastructure.ClientErrorResultFilter.
2022-11-21 00:08:07.7417 TRACE Result Filter: After executing OnResultExecuted on filter Microsoft.AspNetCore.Mvc.Infrastructure.ClientErrorResultFilter.
2022-11-21 00:08:07.7417 INFO Executed action WebApplication14.Controllers.UserController.LoginOut (WebApplication14) in 16543.3876ms
2022-11-21 00:08:07.7417 INFO Executed endpoint 'WebApplication14.Controllers.UserController.LoginOut (WebApplication14)'
2022-11-21 00:08:07.7696 INFO Request finished HTTP/1.1 POST http://localhost:63401/api/User/loginOut - 0 - 200 - text/plain;+charset=utf-8 16576.9245ms
